<?xml version="1.0" encoding="UTF-8"?>
<!-- Generated by org.testng.reporters.JUnitXMLReporter -->
<testsuite ignored="0" hostname="DESKTOP-2BBJT9H" failures="0" tests="6" name="firefox" time="0.297" errors="0" timestamp="2023-03-09T16:03:40 IST">
  <testcase classname="TestNG.TestNG1" name="Test1" time="0.018"/>
  <testcase classname="TestNG.TestNG1" name="Test2" time="0.006"/>
  <testcase classname="TestNG.TestNG1" name="Test3" time="0.015"/>
  <testcase classname="TestNG.TestNG2" name="Test1" time="0.008"/>
  <testcase classname="TestNG.TestNG2" name="Test2" time="0.015"/>
  <testcase classname="TestNG.TestNG2" name="Test3" time="0.004"/>
</testsuite> <!-- firefox -->
