<?xml version="1.0" encoding="UTF-8"?>
<!-- Generated by org.testng.reporters.JUnitXMLReporter -->
<testsuite ignored="0" hostname="DESKTOP-2BBJT9H" failures="0" tests="3" name="TestNG" time="0.103" errors="0" timestamp="2023-03-13T13:26:33 IST">
  <testcase classname="TestNG.TestNG2" name="@BeforeTest beforeTest" time="-1.678694193364E9">
    <failure type="org.testng.TestNGException" message="
Parameter &amp;apos;browserName&amp;apos; is required by BeforeTest on method beforeTest but has not been marked @Optional or defined
in C:\Users\Admin\eclipse-workspace\HRM\testng.xml">
      <![CDATA[org.testng.TestNGException: 
Parameter 'browserName' is required by BeforeTest on method beforeTest but has not been marked @Optional or defined
in C:\Users\Admin\eclipse-workspace\HRM\testng.xml
... Removed 21 stack frames]]>
    </failure>
  </testcase> <!-- @BeforeTest beforeTest -->
  <testcase classname="TestNG.TestNG2" name="@BeforeClass beforeclass" time="-1.678694193404E9">
    <skipped/>
  </testcase> <!-- @BeforeClass beforeclass -->
  <testcase classname="TestNG.TestNG2" name="@BeforeMethod beforemethod" time="-1.678694193422E9">
    <skipped/>
  </testcase> <!-- @BeforeMethod beforemethod -->
  <testcase classname="TestNG.TestNG2" name="@AfterMethod afteremethod" time="-1.678694193431E9">
    <skipped/>
  </testcase> <!-- @AfterMethod afteremethod -->
  <testcase classname="TestNG.TestNG2" name="@BeforeMethod beforemethod" time="-1.678694193434E9">
    <skipped/>
  </testcase> <!-- @BeforeMethod beforemethod -->
  <testcase classname="TestNG.TestNG2" name="@AfterMethod afteremethod" time="-1.678694193441E9">
    <skipped/>
  </testcase> <!-- @AfterMethod afteremethod -->
  <testcase classname="TestNG.TestNG2" name="@BeforeMethod beforemethod" time="-1.678694193443E9">
    <skipped/>
  </testcase> <!-- @BeforeMethod beforemethod -->
  <testcase classname="TestNG.TestNG2" name="@AfterMethod afteremethod" time="-1.678694193449E9">
    <skipped/>
  </testcase> <!-- @AfterMethod afteremethod -->
  <testcase classname="TestNG.TestNG2" name="@AfterClass afterclass" time="-1.678694193451E9">
    <skipped/>
  </testcase> <!-- @AfterClass afterclass -->
  <testcase classname="TestNG.TestNG2" name="@AfterTest afterTest" time="-1.678694193455E9">
    <skipped/>
  </testcase> <!-- @AfterTest afterTest -->
  <testcase classname="TestNG.TestNG2" name="Test1" time="0.0">
    <skipped/>
  </testcase> <!-- Test1 -->
  <testcase classname="TestNG.TestNG2" name="Test2" time="0.0">
    <skipped/>
  </testcase> <!-- Test2 -->
  <testcase classname="TestNG.TestNG2" name="Test3" time="0.0">
    <skipped/>
  </testcase> <!-- Test3 -->
</testsuite> <!-- TestNG -->
